2026-01-28 11:19:32,586 - INFO - Successfully loaded data from week1/data/raw/walmart_sales.csv
2026-01-28 11:41:27,269 - INFO - Successfully loaded data from week1/data/raw/walmart_sales.csv
2026-01-28 11:42:51,043 - INFO - Successfully loaded data from week1/data/raw/walmart_sales.csv
2026-01-28 11:44:04,494 - INFO - Successfully loaded data from week1/data/raw/walmart_sales.csv
2026-01-28 13:52:35,444 - INFO - Successfully loaded data from week1/data/raw/walmart_sales.csv
2026-01-28 13:52:35,476 - INFO - Data transformation completed successfully.
2026-01-28 13:52:35,502 - INFO - Processed data saved to week1/data/processed/output.csv
2026-01-28 14:09:53,371 - INFO - Successfully loaded data from week1/data/raw/walmart_sales.csv
2026-01-28 14:10:41,623 - INFO - Successfully loaded data from week1/data/raw/walmart_sales.csv
2026-01-28 14:25:20,418 - INFO - Successfully loaded data from week1/data/raw/walmart_sales.csv
2026-01-28 14:26:12,312 - INFO - Successfully loaded data from week1/data/raw/walmart_sales.csv
2026-01-28 14:26:12,359 - INFO - Data transformation completed successfully.
2026-01-28 14:26:12,362 - ERROR - Error during loading: [Errno 13] Permission denied: 'week1/data/processed/output.csv'
2026-01-28 14:26:51,276 - INFO - Successfully loaded data from week1/data/raw/walmart_sales.csv
2026-01-28 14:26:51,323 - INFO - Failed to transform Date |  0 of  6435
2026-01-28 14:26:51,324 - INFO - Data transformation completed successfully.
2026-01-28 14:26:51,326 - ERROR - Error during loading: [Errno 13] Permission denied: 'week1/data/processed/output.csv'
2026-01-28 14:27:34,959 - INFO - Successfully loaded data from week1/data/raw/walmart_sales.csv
2026-01-28 14:27:34,997 - INFO - Failed to transform Date |  0 of  6435
2026-01-28 14:27:34,999 - INFO - Data transformation completed successfully.
2026-01-28 14:27:35,036 - INFO - Processed data saved to week1/data/processed/output.csv
2026-01-28 14:29:06,154 - INFO - Successfully loaded data from week1/data/raw/walmart_sales.csv
2026-01-28 14:29:06,182 - INFO - Failed to transform Date |  3870 of  6435
2026-01-28 14:29:06,183 - INFO - Data transformation completed successfully.
2026-01-28 14:29:06,208 - INFO - Processed data saved to week1/data/processed/output.csv
2026-01-28 14:30:37,917 - INFO - Successfully loaded data from week1/data/raw/walmart_sales.csv
2026-01-28 14:30:37,942 - INFO - Failed to transform Date |  3870 of  6435
2026-01-28 14:30:37,943 - INFO - Data transformation completed successfully.
2026-01-28 14:30:37,963 - INFO - Processed data saved to week1/data/processed/output.csv
2026-01-28 14:31:49,181 - INFO - Successfully loaded data from week1/data/raw/walmart_sales.csv
2026-01-28 14:31:49,219 - INFO - Failed to transform Date |  0 of  6435
2026-01-28 14:31:49,221 - INFO - Data transformation completed successfully.
2026-01-28 14:31:49,245 - INFO - Processed data saved to week1/data/processed/output.csv
